Invalid HTTP_HOST header: '18.230.216.176:8000'. You may need to add '18.230.216.176' to ALLOWED_HOSTS.
Traceback (most recent call last):
  File "C:\Users\Yorsh\Desktop\Proyect_G\Proyect\venv\Lib\site-packages\django\core\handlers\exception.py", line 55, in inner
    response = get_response(request)
  File "C:\Users\Yorsh\Desktop\Proyect_G\Proyect\venv\Lib\site-packages\django\utils\deprecation.py", line 128, in __call__
    response = self.process_request(request)
  File "C:\Users\Yorsh\Desktop\Proyect_G\Proyect\venv\Lib\site-packages\django\middleware\common.py", line 48, in process_request
    host = request.get_host()
  File "C:\Users\Yorsh\Desktop\Proyect_G\Proyect\venv\Lib\site-packages\django\http\request.py", line 151, in get_host
    raise DisallowedHost(msg)
django.core.exceptions.DisallowedHost: Invalid HTTP_HOST header: '18.230.216.176:8000'. You may need to add '18.230.216.176' to ALLOWED_HOSTS.
Invalid HTTP_HOST header: '18.230.216.176:8000'. You may need to add '18.230.216.176' to ALLOWED_HOSTS.
Traceback (most recent call last):
  File "C:\Users\Yorsh\Desktop\Proyect_G\Proyect\venv\Lib\site-packages\django\core\handlers\exception.py", line 55, in inner
    response = get_response(request)
  File "C:\Users\Yorsh\Desktop\Proyect_G\Proyect\venv\Lib\site-packages\django\utils\deprecation.py", line 128, in __call__
    response = self.process_request(request)
  File "C:\Users\Yorsh\Desktop\Proyect_G\Proyect\venv\Lib\site-packages\django\middleware\common.py", line 48, in process_request
    host = request.get_host()
  File "C:\Users\Yorsh\Desktop\Proyect_G\Proyect\venv\Lib\site-packages\django\http\request.py", line 151, in get_host
    raise DisallowedHost(msg)
django.core.exceptions.DisallowedHost: Invalid HTTP_HOST header: '18.230.216.176:8000'. You may need to add '18.230.216.176' to ALLOWED_HOSTS.
Internal Server Error: /api
Traceback (most recent call last):
  File "C:\Users\SpikeMM\Downloads\Proyect\myvenv\Lib\site-packages\django\core\handlers\exception.py", line 55, in inner
    response = get_response(request)
               ^^^^^^^^^^^^^^^^^^^^^
  File "C:\Users\SpikeMM\Downloads\Proyect\myvenv\Lib\site-packages\django\utils\deprecation.py", line 131, in __call__
    response = self.process_response(request, response)
               ^^^^^^^^^^^^^^^^^^^^^^^^^^^^^^^^^^^^^^^^
  File "C:\Users\SpikeMM\Downloads\Proyect\myvenv\Lib\site-packages\django\middleware\common.py", line 108, in process_response
    return self.response_redirect_class(self.get_full_path_with_slash(request))
                                        ^^^^^^^^^^^^^^^^^^^^^^^^^^^^^^^^^^^^^^
  File "C:\Users\SpikeMM\Downloads\Proyect\myvenv\Lib\site-packages\django\middleware\common.py", line 87, in get_full_path_with_slash
    raise RuntimeError(
RuntimeError: You called this URL via POST, but the URL doesn't end in a slash and you have APPEND_SLASH set. Django can't redirect to the slash URL while maintaining POST data. Change your form to point to 127.0.0.1:8000/api/ (note the trailing slash), or set APPEND_SLASH=False in your Django settings.
"POST /api HTTP/1.1" 500 72064
Internal Server Error: /api
Traceback (most recent call last):
  File "C:\Users\SpikeMM\Downloads\Proyect\myvenv\Lib\site-packages\django\core\handlers\exception.py", line 55, in inner
    response = get_response(request)
               ^^^^^^^^^^^^^^^^^^^^^
  File "C:\Users\SpikeMM\Downloads\Proyect\myvenv\Lib\site-packages\django\utils\deprecation.py", line 131, in __call__
    response = self.process_response(request, response)
               ^^^^^^^^^^^^^^^^^^^^^^^^^^^^^^^^^^^^^^^^
  File "C:\Users\SpikeMM\Downloads\Proyect\myvenv\Lib\site-packages\django\middleware\common.py", line 108, in process_response
    return self.response_redirect_class(self.get_full_path_with_slash(request))
                                        ^^^^^^^^^^^^^^^^^^^^^^^^^^^^^^^^^^^^^^
  File "C:\Users\SpikeMM\Downloads\Proyect\myvenv\Lib\site-packages\django\middleware\common.py", line 87, in get_full_path_with_slash
    raise RuntimeError(
RuntimeError: You called this URL via POST, but the URL doesn't end in a slash and you have APPEND_SLASH set. Django can't redirect to the slash URL while maintaining POST data. Change your form to point to 127.0.0.1:8000/api/ (note the trailing slash), or set APPEND_SLASH=False in your Django settings.
"POST /api HTTP/1.1" 500 72064
Internal Server Error: /api
Traceback (most recent call last):
  File "C:\Users\SpikeMM\Downloads\Proyect\myvenv\Lib\site-packages\django\core\handlers\exception.py", line 55, in inner
    response = get_response(request)
               ^^^^^^^^^^^^^^^^^^^^^
  File "C:\Users\SpikeMM\Downloads\Proyect\myvenv\Lib\site-packages\django\utils\deprecation.py", line 131, in __call__
    response = self.process_response(request, response)
               ^^^^^^^^^^^^^^^^^^^^^^^^^^^^^^^^^^^^^^^^
  File "C:\Users\SpikeMM\Downloads\Proyect\myvenv\Lib\site-packages\django\middleware\common.py", line 108, in process_response
    return self.response_redirect_class(self.get_full_path_with_slash(request))
                                        ^^^^^^^^^^^^^^^^^^^^^^^^^^^^^^^^^^^^^^
  File "C:\Users\SpikeMM\Downloads\Proyect\myvenv\Lib\site-packages\django\middleware\common.py", line 87, in get_full_path_with_slash
    raise RuntimeError(
RuntimeError: You called this URL via POST, but the URL doesn't end in a slash and you have APPEND_SLASH set. Django can't redirect to the slash URL while maintaining POST data. Change your form to point to 127.0.0.1:8000/api/ (note the trailing slash), or set APPEND_SLASH=False in your Django settings.
"POST /api HTTP/1.1" 500 72671
Internal Server Error: /api
Traceback (most recent call last):
  File "C:\Users\SpikeMM\Downloads\Proyect\myvenv\Lib\site-packages\django\core\handlers\exception.py", line 55, in inner
    response = get_response(request)
               ^^^^^^^^^^^^^^^^^^^^^
  File "C:\Users\SpikeMM\Downloads\Proyect\myvenv\Lib\site-packages\django\utils\deprecation.py", line 131, in __call__
    response = self.process_response(request, response)
               ^^^^^^^^^^^^^^^^^^^^^^^^^^^^^^^^^^^^^^^^
  File "C:\Users\SpikeMM\Downloads\Proyect\myvenv\Lib\site-packages\django\middleware\common.py", line 108, in process_response
    return self.response_redirect_class(self.get_full_path_with_slash(request))
                                        ^^^^^^^^^^^^^^^^^^^^^^^^^^^^^^^^^^^^^^
  File "C:\Users\SpikeMM\Downloads\Proyect\myvenv\Lib\site-packages\django\middleware\common.py", line 87, in get_full_path_with_slash
    raise RuntimeError(
RuntimeError: You called this URL via POST, but the URL doesn't end in a slash and you have APPEND_SLASH set. Django can't redirect to the slash URL while maintaining POST data. Change your form to point to 127.0.0.1:8000/api/ (note the trailing slash), or set APPEND_SLASH=False in your Django settings.
"POST /api HTTP/1.1" 500 72815
Internal Server Error: /api
Traceback (most recent call last):
  File "C:\Users\SpikeMM\Downloads\Proyect\myvenv\Lib\site-packages\django\core\handlers\exception.py", line 55, in inner
    response = get_response(request)
               ^^^^^^^^^^^^^^^^^^^^^
  File "C:\Users\SpikeMM\Downloads\Proyect\myvenv\Lib\site-packages\django\utils\deprecation.py", line 131, in __call__
    response = self.process_response(request, response)
               ^^^^^^^^^^^^^^^^^^^^^^^^^^^^^^^^^^^^^^^^
  File "C:\Users\SpikeMM\Downloads\Proyect\myvenv\Lib\site-packages\django\middleware\common.py", line 108, in process_response
    return self.response_redirect_class(self.get_full_path_with_slash(request))
                                        ^^^^^^^^^^^^^^^^^^^^^^^^^^^^^^^^^^^^^^
  File "C:\Users\SpikeMM\Downloads\Proyect\myvenv\Lib\site-packages\django\middleware\common.py", line 87, in get_full_path_with_slash
    raise RuntimeError(
RuntimeError: You called this URL via POST, but the URL doesn't end in a slash and you have APPEND_SLASH set. Django can't redirect to the slash URL while maintaining POST data. Change your form to point to 127.0.0.1:8000/api/ (note the trailing slash), or set APPEND_SLASH=False in your Django settings.
"POST /api HTTP/1.1" 500 72812
Internal Server Error: /api
Traceback (most recent call last):
  File "C:\Users\SpikeMM\Downloads\Proyect\myvenv\Lib\site-packages\django\core\handlers\exception.py", line 55, in inner
    response = get_response(request)
               ^^^^^^^^^^^^^^^^^^^^^
  File "C:\Users\SpikeMM\Downloads\Proyect\myvenv\Lib\site-packages\django\utils\deprecation.py", line 131, in __call__
    response = self.process_response(request, response)
               ^^^^^^^^^^^^^^^^^^^^^^^^^^^^^^^^^^^^^^^^
  File "C:\Users\SpikeMM\Downloads\Proyect\myvenv\Lib\site-packages\django\middleware\common.py", line 108, in process_response
    return self.response_redirect_class(self.get_full_path_with_slash(request))
                                        ^^^^^^^^^^^^^^^^^^^^^^^^^^^^^^^^^^^^^^
  File "C:\Users\SpikeMM\Downloads\Proyect\myvenv\Lib\site-packages\django\middleware\common.py", line 87, in get_full_path_with_slash
    raise RuntimeError(
RuntimeError: You called this URL via POST, but the URL doesn't end in a slash and you have APPEND_SLASH set. Django can't redirect to the slash URL while maintaining POST data. Change your form to point to 127.0.0.1:8000/api/ (note the trailing slash), or set APPEND_SLASH=False in your Django settings.
"POST /api HTTP/1.1" 500 72811
Internal Server Error: /api
Traceback (most recent call last):
  File "C:\Users\SpikeMM\Downloads\Proyect\myvenv\Lib\site-packages\django\core\handlers\exception.py", line 55, in inner
    response = get_response(request)
               ^^^^^^^^^^^^^^^^^^^^^
  File "C:\Users\SpikeMM\Downloads\Proyect\myvenv\Lib\site-packages\django\utils\deprecation.py", line 131, in __call__
    response = self.process_response(request, response)
               ^^^^^^^^^^^^^^^^^^^^^^^^^^^^^^^^^^^^^^^^
  File "C:\Users\SpikeMM\Downloads\Proyect\myvenv\Lib\site-packages\django\middleware\common.py", line 108, in process_response
    return self.response_redirect_class(self.get_full_path_with_slash(request))
                                        ^^^^^^^^^^^^^^^^^^^^^^^^^^^^^^^^^^^^^^
  File "C:\Users\SpikeMM\Downloads\Proyect\myvenv\Lib\site-packages\django\middleware\common.py", line 87, in get_full_path_with_slash
    raise RuntimeError(
RuntimeError: You called this URL via POST, but the URL doesn't end in a slash and you have APPEND_SLASH set. Django can't redirect to the slash URL while maintaining POST data. Change your form to point to 127.0.0.1:8000/api/ (note the trailing slash), or set APPEND_SLASH=False in your Django settings.
"POST /api HTTP/1.1" 500 72811
Internal Server Error: /api
Traceback (most recent call last):
  File "C:\Users\SpikeMM\Downloads\Proyect\myvenv\Lib\site-packages\django\core\handlers\exception.py", line 55, in inner
    response = get_response(request)
               ^^^^^^^^^^^^^^^^^^^^^
  File "C:\Users\SpikeMM\Downloads\Proyect\myvenv\Lib\site-packages\django\utils\deprecation.py", line 131, in __call__
    response = self.process_response(request, response)
               ^^^^^^^^^^^^^^^^^^^^^^^^^^^^^^^^^^^^^^^^
  File "C:\Users\SpikeMM\Downloads\Proyect\myvenv\Lib\site-packages\django\middleware\common.py", line 108, in process_response
    return self.response_redirect_class(self.get_full_path_with_slash(request))
                                        ^^^^^^^^^^^^^^^^^^^^^^^^^^^^^^^^^^^^^^
  File "C:\Users\SpikeMM\Downloads\Proyect\myvenv\Lib\site-packages\django\middleware\common.py", line 87, in get_full_path_with_slash
    raise RuntimeError(
RuntimeError: You called this URL via POST, but the URL doesn't end in a slash and you have APPEND_SLASH set. Django can't redirect to the slash URL while maintaining POST data. Change your form to point to 127.0.0.1:8000/api/ (note the trailing slash), or set APPEND_SLASH=False in your Django settings.
"POST /api HTTP/1.1" 500 72812
